[root@crmserver ~]# # Lauernede MySQL/MariaDB Prozesse?
[root@crmserver ~]# ps aux | grep -E "mysql|mariadb"
root      1337  0.0  0.0 108204  1448 ?        S    15:57   0:00 /bin/sh /usr/bin/mysqld_safe --datadir=/var/lib/mysql --socket=/var/lib/mysql/mysql.sock --pid-file=/var/run/mysqld/mysqld.pid --basedir=/usr --user=mysql
mysql     1442  0.1  1.3 377988 26440 ?        Sl   15:57   0:01 /usr/libexec/mysqld --basedir=/usr --datadir=/var/lib/mysql --user=mysql --log-error=/var/log/mysqld.log --pid-file=/var/run/mysqld/mysqld.pid --socket=/var/lib/mysql/mysql.sock
root      2023  0.0  0.0 103256   864 pts/0    S+   16:11   0:00 grep -E mysql|mariadb
[root@crmserver ~]#
[root@crmserver ~]# # Wenn MySQL läuft: Wo sind die Konfigurationsdateien?
[root@crmserver ~]# mysql --help | grep "Default options" -A 1
Default options are read from the following files in the given order:
/etc/mysql/my.cnf /etc/my.cnf ~/.my.cnf
[root@crmserver ~]#
[root@crmserver ~]# # MySQL-Version und Datenbanken anzeigen (nur wenn MySQL läuft und du Zugang hast)
[root@crmserver ~]# mysql -u root -p -e "SHOW DATABASES;"   # Du wirst nach dem Passwort gefragt
Enter password:
+--------------------+
| Database           |
+--------------------+
| information_schema |
| mysql              |
| test               |
| vtigercrm          |
+--------------------+
[root@crmserver ~]#
