[root@crmserver ~]# # Alle laufenden Prozesse anzeigen
[root@crmserver ~]# ps aux
USER       PID %CPU %MEM    VSZ   RSS TTY      STAT START   TIME COMMAND
root         1  0.2  0.0  19364  1536 ?        Ss   15:56   0:01 /sbin/init
root         2  0.0  0.0      0     0 ?        S    15:56   0:00 [kthreadd]
root         3  0.0  0.0      0     0 ?        S    15:56   0:00 [migration/0]
root         4  0.0  0.0      0     0 ?        S    15:56   0:00 [ksoftirqd/0]
root         5  0.0  0.0      0     0 ?        S    15:56   0:00 [stopper/0]
root         6  0.0  0.0      0     0 ?        S    15:56   0:00 [watchdog/0]
root         7  0.0  0.0      0     0 ?        S    15:56   0:00 [migration/1]
root         8  0.0  0.0      0     0 ?        S    15:56   0:00 [stopper/1]
root         9  0.0  0.0      0     0 ?        S    15:56   0:00 [ksoftirqd/1]
root        10  0.0  0.0      0     0 ?        S    15:56   0:00 [watchdog/1]
root        11  0.1  0.0      0     0 ?        S    15:56   0:01 [events/0]
root        12  0.2  0.0      0     0 ?        S    15:56   0:01 [events/1]
root        13  0.0  0.0      0     0 ?        S    15:56   0:00 [cgroup]
root        14  0.0  0.0      0     0 ?        S    15:56   0:00 [khelper]
root        15  0.0  0.0      0     0 ?        S    15:56   0:00 [netns]
root        16  0.0  0.0      0     0 ?        S    15:56   0:00 [async/mgr]
root        17  0.0  0.0      0     0 ?        S    15:56   0:00 [pm]
root        18  0.0  0.0      0     0 ?        S    15:56   0:00 [sync_supers]
root        19  0.0  0.0      0     0 ?        S    15:56   0:00 [bdi-default]
root        20  0.0  0.0      0     0 ?        S    15:56   0:00 [kintegrityd/0]
root        21  0.0  0.0      0     0 ?        S    15:56   0:00 [kintegrityd/1]
root        22  0.0  0.0      0     0 ?        S    15:56   0:00 [kblockd/0]
root        23  0.1  0.0      0     0 ?        S    15:56   0:00 [kblockd/1]
root        24  0.0  0.0      0     0 ?        S    15:56   0:00 [kacpid]
root        25  0.0  0.0      0     0 ?        S    15:56   0:00 [kacpi_notify]
root        26  0.0  0.0      0     0 ?        S    15:56   0:00 [kacpi_hotplug]
root        27  0.0  0.0      0     0 ?        S    15:56   0:00 [ata_aux]
root        28  0.0  0.0      0     0 ?        S    15:56   0:00 [ata_sff/0]
root        29  0.0  0.0      0     0 ?        S    15:56   0:00 [ata_sff/1]
root        30  0.0  0.0      0     0 ?        S    15:56   0:00 [ksuspend_usbd]
root        31  0.0  0.0      0     0 ?        S    15:56   0:00 [khubd]
root        32  0.0  0.0      0     0 ?        S    15:56   0:00 [kseriod]
root        33  0.0  0.0      0     0 ?        S    15:56   0:00 [md/0]
root        34  0.0  0.0      0     0 ?        S    15:56   0:00 [md/1]
root        35  0.0  0.0      0     0 ?        S    15:56   0:00 [md_misc/0]
root        36  0.0  0.0      0     0 ?        S    15:56   0:00 [md_misc/1]
root        37  0.0  0.0      0     0 ?        S    15:56   0:00 [linkwatch]
root        39  0.0  0.0      0     0 ?        S    15:56   0:00 [khungtaskd]
root        40  0.0  0.0      0     0 ?        S    15:56   0:00 [kswapd0]
root        41  0.0  0.0      0     0 ?        SN   15:56   0:00 [ksmd]
root        42  0.0  0.0      0     0 ?        SN   15:56   0:00 [khugepaged]
root        43  0.0  0.0      0     0 ?        S    15:56   0:00 [aio/0]
root        44  0.0  0.0      0     0 ?        S    15:56   0:00 [aio/1]
root        45  0.0  0.0      0     0 ?        S    15:56   0:00 [crypto/0]
root        46  0.0  0.0      0     0 ?        S    15:56   0:00 [crypto/1]
root        54  0.0  0.0      0     0 ?        S    15:56   0:00 [kthrotld/0]
root        55  0.0  0.0      0     0 ?        S    15:56   0:00 [kthrotld/1]
root        57  0.0  0.0      0     0 ?        S    15:56   0:00 [kpsmoused]
root        58  0.0  0.0      0     0 ?        S    15:56   0:00 [usbhid_resumer]
root        59  0.0  0.0      0     0 ?        S    15:56   0:00 [deferwq]
root        91  0.0  0.0      0     0 ?        S    15:56   0:00 [kdmremove]
root        92  0.0  0.0      0     0 ?        S    15:56   0:00 [kstriped]
root       168  0.0  0.0      0     0 ?        S    15:56   0:00 [scsi_eh_0]
root       169  0.0  0.0      0     0 ?        S    15:56   0:00 [scsi_eh_1]
root       187  0.0  0.0      0     0 ?        S    15:56   0:00 [scsi_eh_2]
root       259  0.0  0.0      0     0 ?        S    15:56   0:00 [kdmflush]
root       260  0.0  0.0      0     0 ?        S    15:56   0:00 [kdmflush]
root       278  0.0  0.0      0     0 ?        S    15:56   0:00 [jbd2/dm-0-8]
root       279  0.0  0.0      0     0 ?        S    15:56   0:00 [ext4-dio-unwrit]
root       375  0.0  0.0  11332  1432 ?        S<s  15:56   0:00 /sbin/udevd -d
root       657  0.0  0.0      0     0 ?        S    15:56   0:00 [jbd2/sda1-8]
root       658  0.0  0.0      0     0 ?        S    15:56   0:00 [ext4-dio-unwrit]
root       704  0.0  0.0      0     0 ?        S    15:56   0:00 [kauditd]
root       870  0.0  0.0      0     0 ?        S    15:56   0:00 [flush-253:0]
root       923  0.0  0.0  27596   792 ?        S<sl 15:56   0:00 auditd
root       953  0.0  0.0 249080  1452 ?        Sl   15:56   0:00 /sbin/rsyslogd -i /var/run/syslogd.pid -c 5
root       983  0.0  0.0  18240   660 ?        Ss   15:56   0:00 irqbalance --pid=/var/run/irqbalance.pid
rpc        999  0.0  0.0  18976   904 ?        Ss   15:56   0:00 rpcbind
rpcuser   1020  0.0  0.0  23348  1332 ?        Ss   15:56   0:00 rpc.statd
dbus      1151  0.0  0.0  31804  1248 ?        Ssl  15:56   0:00 dbus-daemon --system
root      1170  0.0  0.1 189408  3784 ?        Ss   15:56   0:00 cupsd -C /etc/cups/cupsd.conf
root      1199  0.0  0.0   4080   632 ?        Ss   15:56   0:00 /usr/sbin/acpid
68        1209  0.0  0.2  37908  4136 ?        Ssl  15:56   0:00 hald
root      1210  0.0  0.0  20400  1160 ?        S    15:56   0:00 hald-runner
root      1242  0.0  0.0  22520  1096 ?        S    15:56   0:00 hald-addon-input: Listening on /dev/input/event3 /dev/i
68        1252  0.0  0.0  18008  1032 ?        S    15:56   0:00 hald-addon-acpi: listening on acpid socket /var/run/acp
root      1273  0.0  0.0 386136  1912 ?        Ssl  15:57   0:00 automount --pid-file /var/run/autofs.pid
root      1337  0.0  0.0 108204  1448 ?        S    15:57   0:00 /bin/sh /usr/bin/mysqld_safe --datadir=/var/lib/mysql -
mysql     1442  0.1  1.3 377988 26440 ?        Sl   15:57   0:01 /usr/libexec/mysqld --basedir=/usr --datadir=/var/lib/m
root      1571  0.0  0.1  81328  3840 ?        Ss   15:57   0:00 /usr/libexec/postfix/master
postfix   1584  0.0  0.1  81408  3828 ?        S    15:57   0:00 pickup -l -t fifo -u
postfix   1585  0.0  0.1  81476  3868 ?        S    15:57   0:00 qmgr -l -t fifo -u
root      1599  0.0  0.0 114644  1080 ?        Ss   15:57   0:00 /usr/sbin/abrtd
root      1609  0.2  0.6 309000 13376 ?        Ss   15:57   0:01 /usr/sbin/httpd
root      1620  0.5  0.0 117332  1396 ?        Ss   15:57   0:04 crond
apache    1630  0.0  0.4 310576  9708 ?        S    15:57   0:00 /usr/sbin/httpd
apache    1631  0.0  0.4 310576  9708 ?        S    15:57   0:00 /usr/sbin/httpd
apache    1632  0.0  0.4 310576  9712 ?        S    15:57   0:00 /usr/sbin/httpd
apache    1633  0.0  0.4 310576  9708 ?        S    15:57   0:00 /usr/sbin/httpd
apache    1634  0.0  0.4 310576  9708 ?        S    15:57   0:00 /usr/sbin/httpd
apache    1635  0.0  0.4 310576  9708 ?        S    15:57   0:00 /usr/sbin/httpd
apache    1636  0.0  0.4 310576  9708 ?        S    15:57   0:00 /usr/sbin/httpd
apache    1637  0.0  0.4 310576  9708 ?        S    15:57   0:00 /usr/sbin/httpd
root      1642  0.0  0.0  21576   512 ?        Ss   15:57   0:00 /usr/sbin/atd
root      1657  0.0  0.0  64704  1240 ?        Ss   15:57   0:00 /usr/sbin/certmonger -S -p /var/run/certmonger.pid
root      1719  0.0  0.1  79520  2992 ?        Ss   15:57   0:00 login -- root
root      1721  0.0  0.0   4064   540 tty2     Ss+  15:57   0:00 /sbin/mingetty /dev/tty2
root      1723  0.0  0.0   4064   540 tty3     Ss+  15:57   0:00 /sbin/mingetty /dev/tty3
root      1725  0.0  0.1  12384  2608 ?        S<   15:57   0:00 /sbin/udevd -d
root      1726  0.0  0.1  12384  2612 ?        S<   15:57   0:00 /sbin/udevd -d
root      1727  0.0  0.0   4064   540 tty4     Ss+  15:57   0:00 /sbin/mingetty /dev/tty4
root      1729  0.0  0.0   4064   540 tty5     Ss+  15:57   0:00 /sbin/mingetty /dev/tty5
root      1731  0.0  0.0   4064   544 tty6     Ss+  15:57   0:00 /sbin/mingetty /dev/tty6
root      1742  0.0  0.1 1036488 3228 ?        Sl   15:57   0:00 /usr/sbin/console-kit-daemon --no-daemon
root      1808  0.0  0.0 108336  1756 tty1     Ss+  15:57   0:00 -bash
root      1882  0.0  0.0  66688  1208 ?        Ss   16:02   0:00 /usr/sbin/sshd
root      1889  0.1  0.2 100448  4476 ?        Ss   16:04   0:00 sshd: root@pts/0
root      1896  0.0  0.0 108340  1756 pts/0    Ss   16:05   0:00 -bash
root      1941  8.0  0.0 110236  1128 pts/0    R+   16:09   0:00 ps aux
[root@crmserver ~]#
[root@crmserver ~]# # Alle konfigurierten Dienste und ihr Status (CentOS 6 typisch)
[root@crmserver ~]# chkconfig --list | grep "3:on"  # Dienste, die im Runlevel 3 (Mehrbenutzer-Modus) starten
abrt-ccpp       0:off   1:off   2:off   3:on    4:off   5:on    6:off
abrtd           0:off   1:off   2:off   3:on    4:off   5:on    6:off
acpid           0:off   1:off   2:on    3:on    4:on    5:on    6:off
atd             0:off   1:off   2:off   3:on    4:on    5:on    6:off
auditd          0:off   1:off   2:on    3:on    4:on    5:on    6:off
autofs          0:off   1:off   2:off   3:on    4:on    5:on    6:off
blk-availability        0:off   1:on    2:on    3:on    4:on    5:on    6:off
certmonger      0:off   1:off   2:off   3:on    4:on    5:on    6:off
cpuspeed        0:off   1:on    2:on    3:on    4:on    5:on    6:off
crond           0:off   1:off   2:on    3:on    4:on    5:on    6:off
cups            0:off   1:off   2:on    3:on    4:on    5:on    6:off
haldaemon       0:off   1:off   2:off   3:on    4:on    5:on    6:off
httpd           0:off   1:off   2:on    3:on    4:on    5:on    6:off
ip6tables       0:off   1:off   2:on    3:on    4:on    5:on    6:off
iptables        0:off   1:off   2:on    3:on    4:on    5:on    6:off
irqbalance      0:off   1:off   2:off   3:on    4:on    5:on    6:off
kdump           0:off   1:off   2:off   3:on    4:on    5:on    6:off
lvm2-monitor    0:off   1:on    2:on    3:on    4:on    5:on    6:off
mdmonitor       0:off   1:off   2:on    3:on    4:on    5:on    6:off
messagebus      0:off   1:off   2:on    3:on    4:on    5:on    6:off
mysqld          0:off   1:off   2:on    3:on    4:off   5:on    6:off
netfs           0:off   1:off   2:off   3:on    4:on    5:on    6:off
network         0:off   1:off   2:on    3:on    4:on    5:on    6:off
nfslock         0:off   1:off   2:off   3:on    4:on    5:on    6:off
portreserve     0:off   1:off   2:on    3:on    4:on    5:on    6:off
postfix         0:off   1:off   2:on    3:on    4:on    5:on    6:off
rpcbind         0:off   1:off   2:on    3:on    4:on    5:on    6:off
rpcgssd         0:off   1:off   2:off   3:on    4:on    5:on    6:off
rsyslog         0:off   1:off   2:on    3:on    4:on    5:on    6:off
sshd            0:off   1:off   2:on    3:on    4:on    5:on    6:off
sysstat         0:off   1:on    2:on    3:on    4:on    5:on    6:off
udev-post       0:off   1:on    2:on    3:on    4:on    5:on    6:off
[root@crmserver ~]#
[root@crmserver ~]# # Status einzelner wichtiger Dienste (Beispiele - passe sie an)
[root@crmserver ~]# service httpd status        # Apache Webserver
httpd (pid  1609) is running...
[root@crmserver ~]# service mysqld status       # MySQL Datenbank
mysqld (pid  1442) is running...
[root@crmserver ~]# service mariadb status      # MariaDB Datenbank (falls installiert)
mariadb: unrecognized service
[root@crmserver ~]# service postgresql status   # PostgreSQL Datenbank
postgresql: unrecognized service
[root@crmserver ~]# service sshd status         # SSH (hast du ja schon)
openssh-daemon (pid  1882) is running...
[root@crmserver ~]#
[root@crmserver ~]# # Auf welchen Ports wird gelauscht?
[root@crmserver ~]# netstat -tulpn
Active Internet connections (only servers)
Proto Recv-Q Send-Q Local Address               Foreign Address             State       PID/Program name
tcp        0      0 0.0.0.0:22                  0.0.0.0:*                   LISTEN      1882/sshd
tcp        0      0 127.0.0.1:631               0.0.0.0:*                   LISTEN      1170/cupsd
tcp        0      0 127.0.0.1:25                0.0.0.0:*                   LISTEN      1571/master
tcp        0      0 0.0.0.0:3306                0.0.0.0:*                   LISTEN      1442/mysqld
tcp        0      0 0.0.0.0:111                 0.0.0.0:*                   LISTEN      999/rpcbind
tcp        0      0 0.0.0.0:38768               0.0.0.0:*                   LISTEN      1020/rpc.statd
tcp        0      0 :::42164                    :::*                        LISTEN      1020/rpc.statd
tcp        0      0 :::22                       :::*                        LISTEN      1882/sshd
tcp        0      0 ::1:631                     :::*                        LISTEN      1170/cupsd
tcp        0      0 ::1:25                      :::*                        LISTEN      1571/master
tcp        0      0 :::443                      :::*                        LISTEN      1609/httpd
tcp        0      0 :::111                      :::*                        LISTEN      999/rpcbind
tcp        0      0 :::80                       :::*                        LISTEN      1609/httpd
udp        0      0 0.0.0.0:42325               0.0.0.0:*                               1020/rpc.statd
udp        0      0 0.0.0.0:750                 0.0.0.0:*                               999/rpcbind
udp        0      0 0.0.0.0:111                 0.0.0.0:*                               999/rpcbind
udp        0      0 0.0.0.0:631                 0.0.0.0:*                               1170/cupsd
udp        0      0 127.0.0.1:778               0.0.0.0:*                               1020/rpc.statd
udp        0      0 :::750                      :::*                                    999/rpcbind
udp        0      0 :::111                      :::*                                    999/rpcbind
udp        0      0 :::47748                    :::*                                    1020/rpc.statd
[root@crmserver ~]# ss -tulpn
Netid  State      Recv-Q Send-Q                         Local Address:Port                           Peer Address:Port
udp    UNCONN     0      0                                          *:42325                                     *:*      users:(("rpc.statd",1020,7))
udp    UNCONN     0      0                                          *:750                                       *:*      users:(("rpcbind",999,7))
udp    UNCONN     0      0                                          *:111                                       *:*      users:(("rpcbind",999,6))
udp    UNCONN     0      0                                          *:631                                       *:*      users:(("cupsd",1170,9))
udp    UNCONN     0      0                                  127.0.0.1:778                                       *:*      users:(("rpc.statd",1020,12))
udp    UNCONN     0      0                                         :::750                                      :::*      users:(("rpcbind",999,10))
udp    UNCONN     0      0                                         :::111                                      :::*      users:(("rpcbind",999,9))
udp    UNCONN     0      0                                         :::47748                                    :::*      users:(("rpc.statd",1020,9))
tcp    LISTEN     0      128                                       :::42164                                    :::*      users:(("rpc.statd",1020,10))
tcp    LISTEN     0      128                                       :::22                                       :::*      users:(("sshd",1882,4))
tcp    LISTEN     0      128                                        *:22                                        *:*      users:(("sshd",1882,3))
tcp    LISTEN     0      128                                127.0.0.1:631                                       *:*      users:(("cupsd",1170,7))
tcp    LISTEN     0      128                                      ::1:631                                      :::*      users:(("cupsd",1170,6))
tcp    LISTEN     0      100                                      ::1:25                                       :::*      users:(("master",1571,13))
tcp    LISTEN     0      100                                127.0.0.1:25                                        *:*      users:(("master",1571,12))
tcp    LISTEN     0      128                                       :::443                                      :::*      users:(("httpd",1609,7),("httpd",1630,7),("httpd",1631,7),("httpd",1632,7),("httpd",1633,7),("httpd",1634,7),("httpd",1635,7),("httpd",1636,7),("httpd",1637,7))
tcp    LISTEN     0      50                                         *:3306                                      *:*      users:(("mysqld",1442,10))
tcp    LISTEN     0      128                                       :::111                                      :::*      users:(("rpcbind",999,11))
tcp    LISTEN     0      128                                        *:111                                       *:*      users:(("rpcbind",999,8))
tcp    LISTEN     0      128                                       :::80                                       :::*      users:(("httpd",1609,5),("httpd",1630,5),("httpd",1631,5),("httpd",1632,5),("httpd",1633,5),("httpd",1634,5),("httpd",1635,5),("httpd",1636,5),("httpd",1637,5))
tcp    LISTEN     0      128                                        *:38768                                     *:*      users:(("rpc.statd",1020,8))
[root@crmserver ~]#
